<?xml version="1.0" encoding="UTF-8"?>
<!-- Generated by org.testng.reporters.JUnitReportReporter -->
<testsuite hostname="DESKTOP-SQV0FBF" failures="0" tests="2" name="org.abhi.LoginTest" time="0.077" errors="0" timestamp="2025-04-02T23:04:57 IST" skipped="0">
  <testcase classname="org.abhi.LoginTest" name="positiveLoginTest" time="0.074"/>
  <testcase classname="org.abhi.LoginTest" name="negativeLoginTest" time="0.003"/>
</testsuite> <!-- org.abhi.LoginTest -->
