<?xml version="1.0" encoding="UTF-8"?>
<!-- Generated by org.testng.reporters.JUnitReportReporter -->
<testsuite hostname="DESKTOP-SQV0FBF" failures="0" tests="3" name="org.abhi.PatientLogin" time="79.179" errors="0" timestamp="2025-04-21T13:33:10 IST" skipped="0">
  <testcase classname="org.abhi.PatientLogin" name="positiveLoginTest" time="61.978"/>
  <testcase classname="org.abhi.PatientLogin" name="fieldsBlankLoginTest" time="6.860"/>
  <testcase classname="org.abhi.PatientLogin" name="negativeLoginTest" time="10.341"/>
</testsuite> <!-- org.abhi.PatientLogin -->
